[ 2024-06-11 11:09:43,417 ] 30 root - INFO - Initialized the ConnectSnowflake class
[ 2024-06-11 11:09:43,417 ] 399 snowflake.connector.connection - INFO - Snowflake Connector for Python Version: 3.10.1, Python Version: 3.12.0, Platform: Windows-11-10.0.22631-SP0
[ 2024-06-11 11:09:43,417 ] 1239 snowflake.connector.connection - INFO - This connection is in OCSP Fail Open Mode. TLS Certificates would be checked for validity and revocation status. Any other Certificate Revocation related exceptions or OCSP Responder failures would be disregarded in favor of connectivity.
[ 2024-06-11 11:09:44,852 ] 43 root - INFO - Connected to Snowflake
[ 2024-06-11 11:09:44,876 ] 58 root - INFO - Read sql commands from C:\Users\Sandeep\OneDrive\Desktop\Project\ddl\emp_ddl.sql
[ 2024-06-11 11:09:44,876 ] 66 root - INFO - Executing SQL command: create table emp_raw.employee (
	fname varchar(30),
	minit char(1),
	lname varchar(30),
	ssn char(9),
	bdate date,
	address varchar(30),
	sex char(1),
	salary decimal(10,2),
	super_ssn char(9),
	dno int
)
[ 2024-06-11 11:09:45,136 ] 1149 snowflake.connector.cursor - INFO - Number of results in first chunk: 1
[ 2024-06-11 11:09:45,136 ] 66 root - INFO - Executing SQL command: create table emp_raw.department(
	dname varchar(30),
	dnumber smallint,
	mgr_ssn char(9),
	mgr_start_date date
)
[ 2024-06-11 11:09:45,298 ] 1149 snowflake.connector.cursor - INFO - Number of results in first chunk: 1
[ 2024-06-11 11:09:45,298 ] 66 root - INFO - Executing SQL command: create table emp_raw.dependent(
	essn char(9),
	dependent_name varchar(30),
	sex char(1),
	bdate date,
	relationship varchar(20)
)
[ 2024-06-11 11:09:45,544 ] 1149 snowflake.connector.cursor - INFO - Number of results in first chunk: 1
[ 2024-06-11 11:09:45,544 ] 66 root - INFO - Executing SQL command: create table emp_raw.dept_locations(
	dnumber smallint,
	dlocation varchar(20)
)
[ 2024-06-11 11:09:45,782 ] 1149 snowflake.connector.cursor - INFO - Number of results in first chunk: 1
[ 2024-06-11 11:09:45,782 ] 66 root - INFO - Executing SQL command: create table emp_raw.project(
	pname varchar(30),
	pnumber smallint,
	plocation varchar(30),
	dnum smallint
)
[ 2024-06-11 11:09:46,082 ] 1149 snowflake.connector.cursor - INFO - Number of results in first chunk: 1
[ 2024-06-11 11:09:46,082 ] 66 root - INFO - Executing SQL command: create table works_on(
	essn char(9),
	pno smallint,
	hours decimal(4,2)
)
[ 2024-06-11 11:09:46,286 ] 1149 snowflake.connector.cursor - INFO - Number of results in first chunk: 1
[ 2024-06-11 11:09:46,286 ] 66 root - INFO - Executing SQL command: /*
create table emp_proc.emp_sal_greater_mnger(
Essn char(9),
Salary decimal(10,2),
super_ssn char(9),
SSalary decimal(10,2)
)
[ 2024-06-11 11:09:46,411 ] 73 root - ERROR - Error executing DDL statements: 001003 (42000): 01b4f0e9-0001-e204-0000-0005fd126059: SQL compilation error:
parse error line 7 at position 1 near '<EOF>'.
[ 2024-06-11 11:09:46,427 ] 762 snowflake.connector.connection - INFO - closed
[ 2024-06-11 11:09:46,474 ] 768 snowflake.connector.connection - INFO - No async queries seem to be running, deleting session
[ 2024-06-11 11:09:46,537 ] 81 root - INFO - Connection to Snowflake closed.
