[ 2024-06-11 11:18:01,247 ] 30 root - INFO - Initialized the ConnectSnowflake class
[ 2024-06-11 11:18:01,247 ] 399 snowflake.connector.connection - INFO - Snowflake Connector for Python Version: 3.10.1, Python Version: 3.12.0, Platform: Windows-11-10.0.22631-SP0
[ 2024-06-11 11:18:01,247 ] 1239 snowflake.connector.connection - INFO - This connection is in OCSP Fail Open Mode. TLS Certificates would be checked for validity and revocation status. Any other Certificate Revocation related exceptions or OCSP Responder failures would be disregarded in favor of connectivity.
[ 2024-06-11 11:18:02,976 ] 43 root - INFO - Connected to Snowflake
[ 2024-06-11 11:18:02,991 ] 58 root - INFO - Read sql commands from C:\Users\Sandeep\OneDrive\Desktop\Project\ddl\emp_ddl.sql
[ 2024-06-11 11:18:02,991 ] 66 root - INFO - Executing SQL command: /*create table emp_raw.employee (
	fname varchar(30),
	minit char(1),
	lname varchar(30),
	ssn char(9),
	bdate date,
	address varchar(30),
	sex char(1),
	salary decimal(10,2),
	super_ssn char(9),
	dno int
)
[ 2024-06-11 11:18:03,351 ] 73 root - ERROR - Error executing DDL statements: 001003 (42000): 01b4f0f2-0001-e203-0000-0005fd125071: SQL compilation error:
parse error line 12 at position 1 near '<EOF>'.
[ 2024-06-11 11:18:03,351 ] 762 snowflake.connector.connection - INFO - closed
[ 2024-06-11 11:18:03,413 ] 768 snowflake.connector.connection - INFO - No async queries seem to be running, deleting session
[ 2024-06-11 11:18:03,492 ] 81 root - INFO - Connection to Snowflake closed.
